VM36319:37274 WebXR emulator extension overrides native WebXR API with polyfill.
index.js:95 A-Frame Version: 1.4.0 (Date 2022-12-26, Commit #60a324a2)
index.js:96 THREE Version (https://github.com/supermedium/three.js): ^0.147.0
index.js:98 WebVR Polyfill Version: ^0.10.12
config.js:374 [UIManager] Initializing UI system 
index.html:99 Initialization error: TypeError: this.setupHotbar is not a function
    at UIManager.initialize (ui.js:15:14)
    at initializeGame (index.html:93:29)
    at index.html:107:9
overrideMethod @ hook.js:608
initializeGame @ index.html:99
await in initializeGame
(anonymous) @ index.html:107
[Violation] Added non-passive event listener to a scroll-blocking <some> event. Consider marking event handler as 'passive' to make the page more responsive. See <URL>
[Violation] Added non-passive event listener to a scroll-blocking <some> event. Consider marking event handler as 'passive' to make the page more responsive. See <URL>
[Violation] Added non-passive event listener to a scroll-blocking <some> event. Consider marking event handler as 'passive' to make the page more responsive. See <URL>
[Violation] Added non-passive event listener to a scroll-blocking <some> event. Consider marking event handler as 'passive' to make the page more responsive. See <URL>
[Violation] Added non-passive event listener to a scroll-blocking <some> event. Consider marking event handler as 'passive' to make the page more responsive. See <URL>
[Violation] Added non-passive event listener to a scroll-blocking <some> event. Consider marking event handler as 'passive' to make the page more responsive. See <URL>
[Violation] Added non-passive event listener to a scroll-blocking <some> event. Consider marking event handler as 'passive' to make the page more responsive. See <URL>
config.js:374 [GameInitializer] Starting initialization 
config.js:374 [VoxelManager] Initializing version undefined 
config.js:374 [GameInitializer] Managers initialized successfully 
config.js:374 [UIManager] Initializing UI system 
config.js:382 [GameInitializer] Initialization failed TypeError: this.setupHotbar is not a function
    at UIManager.initialize (ui.js:15:14)
    at game.js:48:42
overrideMethod @ hook.js:608
error @ config.js:382
(anonymous) @ game.js:62
await in (anonymous)
initialize @ game.js:33
(anonymous) @ game.js:584
config.js:382 [Game] Failed to initialize game TypeError: this.setupHotbar is not a function
    at UIManager.initialize (ui.js:15:14)
    at game.js:48:42
overrideMethod @ hook.js:608
error @ config.js:382
(anonymous) @ game.js:585
Promise.catch
(anonymous) @ game.js:584
aframe.min.js:2 [Violation] 'requestAnimationFrame' handler took 64ms
